<?xml version="1.0" encoding="UTF-8"?>
<testsuite name="com.micklab.face2.GazeEstimatorTest" tests="3" skipped="0" failures="0" errors="0" timestamp="2026-04-03T15:09:35" hostname="localhost" time="0.016">
  <properties/>
  <testcase name="movesRightWhenBothEyesShiftRight" classname="com.micklab.face2.GazeEstimatorTest" time="0.014"/>
  <testcase name="mapsNeutralFrameToScreenCenterAfterCalibration" classname="com.micklab.face2.GazeEstimatorTest" time="0.001"/>
  <testcase name="enablesDwellAfterStableFrames" classname="com.micklab.face2.GazeEstimatorTest" time="0.001"/>
  <system-out><![CDATA[]]></system-out>
  <system-err><![CDATA[]]></system-err>
</testsuite>
