<?xml version="1.0" encoding="UTF-8"?>
<testsuite name="com.micklab.face2.GazeEstimatorTest" tests="3" skipped="0" failures="0" errors="0" timestamp="2026-04-03T13:16:26" hostname="localhost" time="0.013">
  <properties/>
  <testcase name="movesRightWhenBothEyesShiftRight" classname="com.micklab.face2.GazeEstimatorTest" time="0.011"/>
  <testcase name="mapsNeutralFrameToScreenCenterAfterCalibration" classname="com.micklab.face2.GazeEstimatorTest" time="0.0"/>
  <testcase name="enablesDwellAfterStableFrames" classname="com.micklab.face2.GazeEstimatorTest" time="0.0"/>
  <system-out><![CDATA[]]></system-out>
  <system-err><![CDATA[]]></system-err>
</testsuite>
