<?xml version="1.0" encoding="UTF-8"?>
<testsuite name="com.micklab.face2.CalibrationManagerTest" tests="2" skipped="0" failures="0" errors="0" timestamp="2026-04-15T13:57:31" hostname="localhost" time="0.046">
  <properties/>
  <testcase name="ignoresLowConfidenceTap" classname="com.micklab.face2.CalibrationManagerTest" time="0.04"/>
  <testcase name="capturesCalibrationFromTappedFrame" classname="com.micklab.face2.CalibrationManagerTest" time="0.003"/>
  <system-out><![CDATA[]]></system-out>
  <system-err><![CDATA[]]></system-err>
</testsuite>
