<?xml version="1.0" encoding="UTF-8"?>
<testsuite name="com.micklab.face2.CalibrationManagerTest" tests="2" skipped="0" failures="0" errors="0" timestamp="2026-04-03T15:09:49" hostname="localhost" time="0.026">
  <properties/>
  <testcase name="completesCalibrationAfterStableSamples" classname="com.micklab.face2.CalibrationManagerTest" time="0.025"/>
  <testcase name="ignoresLowConfidenceFrames" classname="com.micklab.face2.CalibrationManagerTest" time="0.0"/>
  <system-out><![CDATA[]]></system-out>
  <system-err><![CDATA[]]></system-err>
</testsuite>
